<?xml version="1.0" encoding="UTF-8"?>
<!-- Generated by org.testng.reporters.JUnitReportReporter -->
<testsuite ignored="0" hostname="DESKTOP-EKJ5BNI" failures="0" tests="3" name="EducacionIT_03.testNGPriorityExample" time="0.017" errors="0" timestamp="16 mar. 2023 18:23:54 GMT" skipped="0">
  <testcase classname="EducacionIT_03.testNGPriorityExample" name="login" time="0.003"/>
  <testcase classname="EducacionIT_03.testNGPriorityExample" name="registerAccount" time="0.013"/>
  <testcase classname="EducacionIT_03.testNGPriorityExample" name="sendEmail" time="0.001"/>
</testsuite> <!-- EducacionIT_03.testNGPriorityExample -->
