<?xml version="1.0" encoding="UTF-8"?>
<!-- Generated by org.testng.reporters.JUnitReportReporter -->
<testsuite ignored="0" hostname="DESKTOP-EKJ5BNI" failures="0" tests="2" name="EducacionIT_03.Laboratorio3_Ejercicio1" time="3.760" errors="0" timestamp="16 mar. 2023 18:25:11 GMT" skipped="0">
  <testcase classname="EducacionIT_03.Laboratorio3_Ejercicio1" name="pruebaTest" time="0.167"/>
  <testcase classname="EducacionIT_03.Laboratorio3_Ejercicio1" name="registrarUsuario" time="3.593"/>
</testsuite> <!-- EducacionIT_03.Laboratorio3_Ejercicio1 -->
