<?xml version="1.0" encoding="UTF-8"?>
<!-- Generated by org.testng.reporters.JUnitReportReporter -->
<testsuite ignored="0" hostname="DESKTOP-EKJ5BNI" failures="0" tests="2" name="EducacionIT_03.Annotations" time="0.021" errors="0" timestamp="04 mar. 2023 18:38:47 GMT" skipped="0">
  <testcase classname="EducacionIT_03.Annotations" name="testCase2" time="0.006"/>
  <testcase classname="EducacionIT_03.Annotations" name="testCase1" time="0.015"/>
</testsuite> <!-- EducacionIT_03.Annotations -->
