<?xml version="1.0" encoding="UTF-8"?>
<!-- Generated by org.testng.reporters.JUnitReportReporter -->
<testsuite ignored="0" hostname="DESKTOP-EKJ5BNI" failures="0" tests="1" name="pruebas.Laboratorio5_E3" time="0.129" errors="0" timestamp="16 mar. 2023 18:13:41 GMT" skipped="0">
  <testcase classname="pruebas.Laboratorio5_E3" name="verAlert" time="0.129"/>
</testsuite> <!-- pruebas.Laboratorio5_E3 -->
