<?xml version="1.0" encoding="UTF-8"?>
<!-- Generated by org.testng.reporters.JUnitReportReporter -->
<testsuite ignored="0" hostname="DESKTOP-EKJ5BNI" failures="0" tests="1" name="EducacionIT_03.AppTest" time="10.413" errors="0" timestamp="25 feb. 2023 13:54:59 GMT" skipped="0">
  <testcase classname="EducacionIT_03.AppTest" name="tutorialselenium" time="10.413"/>
</testsuite> <!-- EducacionIT_03.AppTest -->
