<?xml version="1.0" encoding="UTF-8"?>
<!-- Generated by org.testng.reporters.JUnitReportReporter -->
<testsuite ignored="0" hostname="DESKTOP-K4JVETO" failures="0" tests="2" name="pruebas.CrossBrowserTest" time="25.900" errors="0" timestamp="17 mar. 2023 21:29:43 GMT" skipped="0">
  <testcase classname="pruebas.CrossBrowserTest" name="buscarPalabra" time="10.915"/>
  <testcase classname="pruebas.CrossBrowserTest" name="buscarPalabra" time="14.985"/>
</testsuite> <!-- pruebas.CrossBrowserTest -->
