<?xml version="1.0" encoding="UTF-8"?>
<!-- Generated by org.testng.reporters.JUnitReportReporter -->
<testsuite ignored="0" hostname="DESKTOP-EKJ5BNI" failures="0" tests="1" name="pruebas.Laboratorio4_E1" time="1.802" errors="0" timestamp="16 mar. 2023 18:18:15 GMT" skipped="0">
  <testcase classname="pruebas.Laboratorio4_E1" name="irRegistroLogin" time="1.802"/>
</testsuite> <!-- pruebas.Laboratorio4_E1 -->
