<?xml version="1.0" encoding="UTF-8"?>
<!-- Generated by org.testng.reporters.JUnitReportReporter -->
<testsuite ignored="0" hostname="DESKTOP-K4JVETO" failures="0" tests="1" name="pruebas.Laboratorio6_E1" time="1.090" errors="0" timestamp="18 mar. 2023 18:42:49 GMT" skipped="0">
  <testcase classname="pruebas.Laboratorio6_E1" name="verNavegadorIncognito" time="1.090"/>
</testsuite> <!-- pruebas.Laboratorio6_E1 -->
