<?xml version="1.0" encoding="UTF-8"?>
<!-- Generated by org.testng.reporters.JUnitReportReporter -->
<testsuite ignored="0" hostname="DESKTOP-EKJ5BNI" failures="0" tests="3" name="EducacionIT_03.Test_BeforeTestAndBeforeMethod" time="0.013" errors="0" timestamp="16 mar. 2023 18:24:16 GMT" skipped="0">
  <testcase classname="EducacionIT_03.Test_BeforeTestAndBeforeMethod" name="testCDemo" time="0.004"/>
  <testcase classname="EducacionIT_03.Test_BeforeTestAndBeforeMethod" name="testADemo" time="0.007"/>
  <testcase classname="EducacionIT_03.Test_BeforeTestAndBeforeMethod" name="testBDemo" time="0.002"/>
</testsuite> <!-- EducacionIT_03.Test_BeforeTestAndBeforeMethod -->
